<?xml version="1.0" encoding="UTF-8"?>
<testsuite name="org.imie.test.TestLoadTennisMockito" tests="1" skipped="0" failures="0" errors="0" timestamp="2016-10-05T05:04:40" hostname="ekologia-VirtualBox" time="0.002">
  <properties/>
  <testcase name="test" classname="org.imie.test.TestLoadTennisMockito" time="0.002"/>
  <system-out><![CDATA[]]></system-out>
  <system-err><![CDATA[]]></system-err>
</testsuite>
