<?xml version="1.0" encoding="UTF-8"?>
<testsuite name="org.imie.test.TestLoadTennisIntegration" tests="2" skipped="0" failures="0" errors="0" timestamp="2016-10-04T23:22:18" hostname="ekologia-VirtualBox" time="0.006">
  <properties/>
  <testcase name="testIntegrationReset" classname="org.imie.test.TestLoadTennisIntegration" time="0.005"/>
  <testcase name="testIntegrationSave" classname="org.imie.test.TestLoadTennisIntegration" time="0.001"/>
  <system-out><![CDATA[]]></system-out>
  <system-err><![CDATA[]]></system-err>
</testsuite>
