<?xml version="1.0" encoding="UTF-8"?>
<testsuite name="org.imie.test.TestLoadTennisIntegration" tests="2" skipped="0" failures="0" errors="0" timestamp="2016-10-05T03:55:22" hostname="ekologia-VirtualBox" time="0.045">
  <properties/>
  <testcase name="testIntegrationReset" classname="org.imie.test.TestLoadTennisIntegration" time="0.041"/>
  <testcase name="testIntegrationSave" classname="org.imie.test.TestLoadTennisIntegration" time="0.004"/>
  <system-out><![CDATA[]]></system-out>
  <system-err><![CDATA[]]></system-err>
</testsuite>
