<?xml version="1.0" encoding="UTF-8"?>
<testsuite name="org.imie.test.TestLoadTennisIntegration" tests="2" skipped="0" failures="0" errors="0" timestamp="2016-10-05T03:43:59" hostname="ekologia-VirtualBox" time="0.068">
  <properties/>
  <testcase name="testIntegrationReset" classname="org.imie.test.TestLoadTennisIntegration" time="0.065"/>
  <testcase name="testIntegrationSave" classname="org.imie.test.TestLoadTennisIntegration" time="0.003"/>
  <system-out><![CDATA[]]></system-out>
  <system-err><![CDATA[]]></system-err>
</testsuite>
