<?xml version="1.0" encoding="UTF-8"?>
<testsuite name="org.imie.test.TestLoadTennisMockito" tests="1" skipped="0" failures="0" errors="0" timestamp="2016-10-05T04:27:38" hostname="ekologia-VirtualBox" time="0.001">
  <properties/>
  <testcase name="test" classname="org.imie.test.TestLoadTennisMockito" time="0.001"/>
  <system-out><![CDATA[]]></system-out>
  <system-err><![CDATA[]]></system-err>
</testsuite>
