<?xml version="1.0" encoding="UTF-8"?>
<testsuite name="org.imie.test.TestLoadTennisMockitoV2" tests="1" skipped="0" failures="0" errors="0" timestamp="2016-10-05T03:43:59" hostname="ekologia-VirtualBox" time="0.024">
  <properties/>
  <testcase name="test" classname="org.imie.test.TestLoadTennisMockitoV2" time="0.024"/>
  <system-out><![CDATA[]]></system-out>
  <system-err><![CDATA[]]></system-err>
</testsuite>
