<?xml version="1.0" encoding="UTF-8"?>
<testsuite name="org.imie.TestFonctionel" tests="6" skipped="0" failures="0" errors="0" timestamp="2016-10-05T00:36:01" hostname="ekologia-VirtualBox" time="2.687">
  <properties/>
  <testcase name="testTitle" classname="org.imie.TestFonctionel" time="0.411"/>
  <testcase name="test_15_0" classname="org.imie.TestFonctionel" time="0.302"/>
  <testcase name="test_30_0" classname="org.imie.TestFonctionel" time="0.4"/>
  <testcase name="test_40_0" classname="org.imie.TestFonctionel" time="0.544"/>
  <testcase name="test_EverWin" classname="org.imie.TestFonctionel" time="0.829"/>
  <testcase name="testInitScore" classname="org.imie.TestFonctionel" time="0.196"/>
  <system-out><![CDATA[]]></system-out>
  <system-err><![CDATA[]]></system-err>
</testsuite>
